2025-08-26 14:26:24,572 INFO: Config loaded: config.json
2025-08-26 14:26:24,572 INFO: Running one-time organization on C:/Users/Code God/Videos
2025-08-26 14:26:27,577 INFO: [DRY RUN] Would move: C:/Users/Code God/Videos\billdetail.pdf -> C:/Users/Code God/Videos\Invoices\2025-01\billdetail.pdf
2025-08-26 14:26:30,581 INFO: [DRY RUN] Would move: C:/Users/Code God/Videos\chat-Hybrid ML Model Backend Integration.txt -> C:/Users/Code God/Videos\Documents\2025-05\chat-Hybrid ML Model Backend Integration.txt
2025-08-26 14:26:33,585 INFO: [DRY RUN] Would move: C:/Users/Code God/Videos\Class X.pdf -> C:/Users/Code God/Videos\Documents\2025-01\Class X.pdf
2025-08-26 14:26:36,590 INFO: [DRY RUN] Would move: C:/Users/Code God/Videos\Class XII.pdf -> C:/Users/Code God/Videos\Documents\2025-03\Class XII.pdf
2025-08-26 14:26:39,593 INFO: [DRY RUN] Would move: C:/Users/Code God/Videos\Degree Mark Statement.pdf -> C:/Users/Code God/Videos\Documents\2025-03\Degree Mark Statement.pdf
2025-08-26 14:26:42,597 INFO: [DRY RUN] Would move: C:/Users/Code God/Videos\Govt ID Proof.pdf -> C:/Users/Code God/Videos\Documents\2025-01\Govt ID Proof.pdf
2025-08-26 14:26:45,611 INFO: [DRY RUN] Would move: C:/Users/Code God/Videos\Naveen_Raj_Aadhar.pdf -> C:/Users/Code God/Videos\Documents\2025-01\Naveen_Raj_Aadhar.pdf
2025-08-26 14:26:48,614 INFO: [DRY RUN] Would move: C:/Users/Code God/Videos\Resume.docx -> C:/Users/Code God/Videos\Resumes\2025-04\Resume.docx
2025-08-26 14:26:51,618 INFO: [DRY RUN] Would move: C:/Users/Code God/Videos\Santhosh's Resume.docx -> C:/Users/Code God/Videos\Resumes\2025-04\Santhosh's Resume.docx
2025-08-26 14:26:54,623 INFO: [DRY RUN] Would move: C:/Users/Code God/Videos\Signature.jpg -> C:/Users/Code God/Videos\Images\2025-07\Signature.jpg
2025-08-26 14:26:57,627 INFO: [DRY RUN] Would move: C:/Users/Code God/Videos\STPRCPT8973-.pdf -> C:/Users/Code God/Videos\Documents\2025-04\STPRCPT8973-.pdf
2025-08-26 14:29:05,036 INFO: Config loaded: config.json
2025-08-26 14:29:05,036 INFO: Running one-time organization on C:/Users/Code God/Videos
2025-08-26 14:29:08,040 INFO: Moved: C:/Users/Code God/Videos\billdetail.pdf -> C:/Users/Code God/Videos\Invoices\2025-01\billdetail.pdf
2025-08-26 14:29:11,046 INFO: Moved: C:/Users/Code God/Videos\chat-Hybrid ML Model Backend Integration.txt -> C:/Users/Code God/Videos\Documents\2025-05\chat-Hybrid ML Model Backend Integration.txt
2025-08-26 14:29:14,062 INFO: Moved: C:/Users/Code God/Videos\Class X.pdf -> C:/Users/Code God/Videos\Documents\2025-01\Class X.pdf
2025-08-26 14:29:17,075 INFO: Moved: C:/Users/Code God/Videos\Class XII.pdf -> C:/Users/Code God/Videos\Documents\2025-03\Class XII.pdf
2025-08-26 14:29:20,085 INFO: Moved: C:/Users/Code God/Videos\Degree Mark Statement.pdf -> C:/Users/Code God/Videos\Documents\2025-03\Degree Mark Statement.pdf
2025-08-26 14:29:23,094 INFO: Moved: C:/Users/Code God/Videos\Govt ID Proof.pdf -> C:/Users/Code God/Videos\Documents\2025-01\Govt ID Proof.pdf
2025-08-26 14:29:26,110 INFO: Moved: C:/Users/Code God/Videos\Naveen_Raj_Aadhar.pdf -> C:/Users/Code God/Videos\Documents\2025-01\Naveen_Raj_Aadhar.pdf
2025-08-26 14:29:29,125 INFO: Moved: C:/Users/Code God/Videos\Resume.docx -> C:/Users/Code God/Videos\Resumes\2025-04\Resume.docx
2025-08-26 14:29:32,134 INFO: Moved: C:/Users/Code God/Videos\Santhosh's Resume.docx -> C:/Users/Code God/Videos\Resumes\2025-04\Santhosh's Resume.docx
2025-08-26 14:29:35,138 INFO: Moved: C:/Users/Code God/Videos\Signature.jpg -> C:/Users/Code God/Videos\Images\2025-07\Signature.jpg
2025-08-26 14:29:38,154 INFO: Moved: C:/Users/Code God/Videos\STPRCPT8973-.pdf -> C:/Users/Code God/Videos\Documents\2025-04\STPRCPT8973-.pdf
